SF:lib/todo/data/models/todo.dart
DA:6,2
DA:13,1
DA:14,1
DA:15,1
DA:16,1
DA:17,1
DA:18,1
DA:22,1
DA:23,1
DA:24,1
DA:25,1
DA:26,1
DA:27,1
DA:31,1
DA:35,3
DA:36,3
DA:37,3
DA:38,3
DA:41,0
DA:43,0
LF:20
LH:18
end_of_record
SF:lib/shared/data/models/page_model.dart
DA:14,2
DA:21,1
DA:22,1
DA:23,1
DA:24,1
DA:25,1
DA:26,1
DA:27,2
DA:28,1
DA:29,1
DA:36,1
DA:37,1
DA:38,1
DA:39,1
DA:40,1
DA:41,5
LF:16
LH:16
end_of_record
SF:lib/todo/data/repositories/todo_repository.dart
DA:7,1
DA:11,1
DA:12,2
DA:13,1
DA:15,1
DA:16,1
LF:6
LH:6
end_of_record
SF:lib/todo/data/services/todo_service.dart
DA:5,0
DA:7,0
DA:8,0
DA:9,0
LF:4
LH:0
end_of_record
SF:lib/todo/business_logic/todos_list/todos_list_state.dart
DA:4,1
DA:7,1
DA:8,2
DA:16,1
LF:4
LH:4
end_of_record
SF:lib/todo/business_logic/todos_list/todos_list_bloc.dart
DA:14,1
DA:15,0
DA:16,2
DA:17,2
DA:19,2
DA:20,2
DA:21,2
DA:23,1
DA:24,2
LF:9
LH:8
end_of_record
SF:lib/main.dart
DA:6,0
DA:7,0
DA:8,0
DA:12,3
DA:15,1
DA:17,1
DA:20,1
DA:36,1
DA:39,1
DA:45,0
DA:58,0
DA:59,0
DA:65,0
DA:66,0
DA:72,0
DA:76,0
DA:84,0
DA:85,0
DA:89,0
DA:92,0
DA:94,0
DA:97,0
DA:112,0
DA:116,0
DA:117,0
DA:118,0
DA:123,0
DA:124,0
LF:28
LH:6
end_of_record
SF:lib/todo/presentation/todos_list_screen.dart
DA:9,1
DA:11,1
DA:12,1
DA:17,1
DA:19,2
DA:20,0
DA:21,0
DA:24,0
DA:26,0
DA:27,0
DA:30,0
DA:31,0
DA:32,0
DA:33,0
DA:36,0
DA:37,0
DA:38,0
DA:39,0
DA:42,0
DA:43,0
DA:44,0
DA:45,0
DA:47,0
DA:53,0
DA:54,0
DA:55,0
DA:56,0
DA:57,0
DA:58,0
DA:59,0
DA:60,0
DA:64,0
DA:67,0
DA:68,0
DA:69,0
LF:35
LH:5
end_of_record
SF:lib/shared/data/services/service_locator.dart
DA:6,3
DA:8,0
DA:9,0
DA:10,0
DA:11,0
DA:12,0
DA:13,0
LF:7
LH:1
end_of_record
